11/29/2021 6:41:48 AM	This log contains information about the import schema operation into project 'Database' on computer 'EA-WIN-CONT03' by user '801219'.
11/29/2021 6:41:48 AM	Import of database schema has started.
11/29/2021 6:41:50 AM	Gathering database credentials
11/29/2021 6:41:50 AM	Gathering database options
11/29/2021 6:41:50 AM	Gathering generic database scoped configuration option
11/29/2021 6:41:50 AM	Gathering users
11/29/2021 6:41:50 AM	Gathering roles
11/29/2021 6:41:50 AM	Gathering application roles
11/29/2021 6:41:50 AM	Gathering role memberships
11/29/2021 6:41:50 AM	Gathering filegroups
11/29/2021 6:41:50 AM	Gathering full-text catalogs
11/29/2021 6:41:50 AM	Gathering assemblies
11/29/2021 6:41:50 AM	Gathering certificates
11/29/2021 6:41:50 AM	Gathering asymmetric keys
11/29/2021 6:41:50 AM	Gathering symmetric keys
11/29/2021 6:41:50 AM	Gathering encrypted symmetric keys
11/29/2021 6:41:50 AM	Gathering schemas
11/29/2021 6:41:50 AM	Gathering XML schema collections
11/29/2021 6:41:50 AM	Gathering user-defined data types
11/29/2021 6:41:51 AM	Gathering user-defined types
11/29/2021 6:41:51 AM	Gathering table types
11/29/2021 6:41:51 AM	Gathering unique keys for table types
11/29/2021 6:41:51 AM	Gathering primary keys for table types
11/29/2021 6:41:51 AM	Gathering indexes for table types
11/29/2021 6:41:51 AM	Gathering check constraints for table types
11/29/2021 6:41:51 AM	Gathering default constraints for table types
11/29/2021 6:41:51 AM	Gathering partition functions
11/29/2021 6:41:51 AM	Gathering partition schemes
11/29/2021 6:41:51 AM	Gathering functions
11/29/2021 6:41:51 AM	Gathering encrypted functions
11/29/2021 6:41:51 AM	Gathering aggregates
11/29/2021 6:41:51 AM	Gathering procedures
11/29/2021 6:41:51 AM	Gathering encrypted procedures
11/29/2021 6:41:51 AM	Gathering tables
11/29/2021 6:41:51 AM	Gathering primary keys
11/29/2021 6:41:51 AM	Gathering unique constraints
11/29/2021 6:41:51 AM	Gathering foreign keys
11/29/2021 6:41:51 AM	Gathering default constraints
11/29/2021 6:41:51 AM	Gathering check constraints
11/29/2021 6:41:51 AM	Gathering views
11/29/2021 6:41:51 AM	Gathering encrypted views
11/29/2021 6:41:51 AM	Gathering indexes
11/29/2021 6:41:51 AM	Gathering statistics
11/29/2021 6:41:51 AM	Gathering full-text index stoplists
11/29/2021 6:41:51 AM	Gathering search property lists
11/29/2021 6:41:51 AM	Gathering search properties
11/29/2021 6:41:51 AM	Gathering full-text indexes
11/29/2021 6:41:51 AM	Gathering column store indexes
11/29/2021 6:41:51 AM	Gathering spatial indexes
11/29/2021 6:41:51 AM	Gathering XML indexes
11/29/2021 6:41:51 AM	Gathering Selective XML indexes
11/29/2021 6:41:51 AM	Gathering encrypted triggers
11/29/2021 6:41:51 AM	Gathering triggers
11/29/2021 6:41:51 AM	Gathering encrypted and clr ddl triggers
11/29/2021 6:41:51 AM	Gathering ddl triggers
11/29/2021 6:41:51 AM	Gathering synonyms
11/29/2021 6:41:51 AM	Gathering defaults
11/29/2021 6:41:51 AM	Gathering data constraint uddt bindings
11/29/2021 6:41:51 AM	Gathering rules
11/29/2021 6:41:51 AM	Gathering data constraint uddt bindings
11/29/2021 6:41:51 AM	Gathering message types
11/29/2021 6:41:51 AM	Gathering queues
11/29/2021 6:41:51 AM	Gathering contracts
11/29/2021 6:41:51 AM	Gathering services
11/29/2021 6:41:51 AM	Gathering event notifications
11/29/2021 6:41:51 AM	Gathering remote service bindings
11/29/2021 6:41:51 AM	Gathering broker priorities
11/29/2021 6:41:51 AM	Gathering signatures
11/29/2021 6:41:51 AM	Gathering data compression options
11/29/2021 6:41:51 AM	Gathering sequence types
11/29/2021 6:41:51 AM	Gathering security policies
11/29/2021 6:41:52 AM	Gather column encryption keys
11/29/2021 6:41:52 AM	Gathering column master keys
11/29/2021 6:41:52 AM	Gathering external data sources
11/29/2021 6:41:52 AM	Gathering external file formats
11/29/2021 6:41:52 AM	Gathering external tables
11/29/2021 6:41:52 AM	Gathering extended properties
11/29/2021 6:41:52 AM	Gathering credentials
11/29/2021 6:41:53 AM	Gathering logins
11/29/2021 6:41:53 AM	Gathering server audits
11/29/2021 6:41:53 AM	Scanning project for duplicate elements
11/29/2021 6:41:53 AM	Finished duplicate element processing
11/29/2021 6:41:54 AM	Finished importing database.
11/29/2021 6:41:54 AM	A summary of the import was saved to the following location: C:\Users\801219\Documents\sql\Database\Database\Import Schema Logs\Database_20211129014148.log
11/29/2021 6:41:54 AM	Click Finish to continue...
